11 [4131292928] INFO perfrun.launcher <> - Launcher main begin
12 [4131292928] INFO perfrun.launcher <> - MessageCatalogInit finished
12 [4131292928] INFO perfrun.launcher <> - Launcher instance created
12 [4131292928] INFO perfrun.launcher <> - argc = 6; cmdline = /opt/spack/opt/spack/linux-ubuntu20.04-icelake/gcc-9.4.0/intel-oneapi-vtune-2024.0.0-5zksb6pzp5awd5o5loxj3j655i54v2lt/vtune/2024.0/bin32/amplxe-runss -dump-vdso -r /home/lxy/hpcgame2024/sim/vtune/r001hs --tmp-dir /tmp/amplxe-tmp-lxy 
53 [4131292928] INFO perfrun.launcher <> - create msngr2::ICliToolContext
54 [4131292928] INFO perfrun.launcher <> - create file finder object
98 [4130675520] INFO perfrun.launcher <> - plugin [remoteplug] was disabled because it doesn't support the given collection type.
98 [4130675520] INFO perfrun.launcher <> - plugin [] was disabled because it doesn't support the given collection type.
98 [4130675520] INFO perfrun.vdso <> - dumping [vdso] pseudomodule
99 [4130675520] INFO perfrun.launcher <> - plugin [] was disabled because it doesn't support the given collection type.
99 [4130675520] INFO perfrun.launcher <> - plugin [] was disabled because it doesn't support the given collection type.
99 [4130675520] INFO perfrun.launcher <> - plugin [] was disabled because it doesn't support the given collection type.
99 [4130675520] INFO perfrun.launcher <> - plugin [] was disabled because it doesn't support the given collection type.
99 [4130675520] INFO perfrun.launcher <> - plugin [] was disabled because it doesn't support the given collection type.
99 [4130675520] INFO perfrun.launcher <> - plugin [] was disabled because it doesn't support the given collection type.
99 [4130675520] INFO perfrun.launcher <> - plugin [] was disabled because it doesn't support the given collection type.
99 [4130675520] INFO perfrun.launcher <> - plugin [] was disabled because it doesn't support the given collection type.
99 [4130675520] INFO perfrun.launcher <> - plugin [] was disabled because it doesn't support the given collection type.
99 [4130675520] INFO perfrun.launcher <> - plugin [] was disabled because it doesn't support the given collection type.
99 [4130675520] INFO perfrun.launcher <> - plugin [] was disabled because it doesn't support the given collection type.
99 [4130675520] INFO perfrun.launcher <> - plugin [] was disabled because it doesn't support the given collection type.
99 [4130675520] INFO perfrun.launcher <> - plugin [] was disabled because it doesn't support the given collection type.
99 [4130675520] INFO perfrun.launcher <> - plugin [] was disabled because it doesn't support the given collection type.
99 [4130675520] INFO perfrun.launcher <> - plugin [] was disabled because it doesn't support the given collection type.
99 [4130675520] INFO perfrun.launcher <> - plugin [] was disabled because it doesn't support the given collection type.
99 [4130675520] INFO perfrun.launcher <> - plugin [] was disabled because it doesn't support the given collection type.
99 [4130675520] INFO perfrun.launcher <> - plugin [] was disabled because it doesn't support the given collection type.
99 [4130675520] INFO perfrun.launcher <> - plugin [] was disabled because it doesn't support the given collection type.
99 [4130675520] INFO perfrun.launcher <> - plugin [] was disabled because it doesn't support the given collection type.
99 [4130675520] INFO perfrun.launcher <> - plugin [] was disabled because it doesn't support the given collection type.
99 [4130675520] INFO perfrun.launcher <> - plugin [] was disabled because it doesn't support the given collection type.
99 [4130675520] INFO perfrun.launcher <> - plugin [] was disabled because it doesn't support the given collection type.
99 [4130675520] INFO perfrun.launcher <> - plugin [] was disabled because it doesn't support the given collection type.
99 [4131292928] INFO perfrun.launcher <> - Application exit code: 0
99 [4131292928] INFO perfrun.launcher <> - Exit code: 0
