10 [140192556625216] INFO perfrun.launcher <> - Launcher main begin
12 [140192556625216] INFO perfrun.launcher <> - MessageCatalogInit finished
12 [140192556625216] INFO perfrun.launcher <> - Launcher instance created
12 [140192556625216] INFO perfrun.launcher <> - argc = 6; cmdline = /opt/spack/opt/spack/linux-ubuntu20.04-icelake/gcc-9.4.0/intel-oneapi-vtune-2024.0.0-5zksb6pzp5awd5o5loxj3j655i54v2lt/vtune/2024.0/bin64/amplxe-runss -dump-vdso -r /home/lxy/hpcgame2024/sim/vtune/r003hs --tmp-dir /tmp/amplxe-tmp-lxy 
78 [140192556625216] INFO perfrun.launcher <> - create msngr2::ICliToolContext
78 [140192556625216] INFO perfrun.launcher <> - create file finder object
97 [140192538396416] INFO perfrun.launcher <> - plugin [remoteplug] was disabled because it doesn't support the given collection type.
97 [140192538396416] INFO perfrun.launcher <> - plugin [system] was disabled because it doesn't support the given collection type.
97 [140192538396416] INFO perfrun.vdso <> - dumping [vdso] pseudomodule
98 [140192538396416] INFO perfrun.launcher <> - plugin [itt] was disabled because it doesn't support the given collection type.
98 [140192538396416] INFO perfrun.launcher <> - plugin [ptracecollector] was disabled because it doesn't support the given collection type.
98 [140192538396416] INFO perfrun.launcher <> - plugin [gpu] was disabled because it doesn't support the given collection type.
98 [140192538396416] INFO perfrun.launcher <> - plugin [] was disabled because it doesn't support the given collection type.
98 [140192538396416] INFO perfrun.launcher <> - plugin [] was disabled because it doesn't support the given collection type.
99 [140192538396416] INFO perfrun.launcher <> - plugin [] was disabled because it doesn't support the given collection type.
99 [140192538396416] INFO perfrun.launcher <> - plugin [mrte] was disabled because it doesn't support the given collection type.
99 [140192538396416] INFO perfrun.launcher <> - plugin [emon] was disabled because it doesn't support the given collection type.
99 [140192538396416] INFO perfrun.launcher <> - plugin [cuscol] was disabled because it doesn't support the given collection type.
99 [140192538396416] INFO perfrun.launcher <> - plugin [stdsrc] was disabled because it doesn't support the given collection type.
99 [140192538396416] INFO perfrun.launcher <> - plugin [sep] was disabled because it doesn't support the given collection type.
99 [140192538396416] INFO perfrun.launcher <> - plugin [vtsspp] was disabled because it doesn't support the given collection type.
99 [140192538396416] INFO perfrun.launcher <> - plugin [perf] was disabled because it doesn't support the given collection type.
99 [140192538396416] INFO perfrun.launcher <> - plugin [aoclprofile] was disabled because it doesn't support the given collection type.
99 [140192538396416] INFO perfrun.launcher <> - plugin [tpss] was disabled because it doesn't support the given collection type.
99 [140192538396416] INFO perfrun.launcher <> - plugin [media] was disabled because it doesn't support the given collection type.
99 [140192538396416] INFO perfrun.launcher <> - plugin [] was disabled because it doesn't support the given collection type.
99 [140192538396416] INFO perfrun.launcher <> - plugin [] was disabled because it doesn't support the given collection type.
99 [140192538396416] INFO perfrun.launcher <> - plugin [parallelfs] was disabled because it doesn't support the given collection type.
99 [140192538396416] INFO perfrun.launcher <> - plugin [power] was disabled because it doesn't support the given collection type.
99 [140192538396416] INFO perfrun.launcher <> - plugin [] was disabled because it doesn't support the given collection type.
99 [140192538396416] INFO perfrun.launcher <> - plugin [ipmwatch] was disabled because it doesn't support the given collection type.
99 [140192538396416] INFO perfrun.launcher <> - plugin [os_counters] was disabled because it doesn't support the given collection type.
99 [140192538396416] INFO perfrun.launcher <> - plugin [l0_metrics] was disabled because it doesn't support the given collection type.
99 [140192556625216] INFO perfrun.launcher <> - Application exit code: 0
99 [140192556625216] INFO perfrun.launcher <> - Exit code: 0
